SF:lib/core/app_boot_strap.dart
DA:4,1
DA:6,1
DA:8,1
DA:9,1
DA:10,1
DA:11,4
DA:13,1
DA:14,4
DA:17,1
DA:20,1
DA:23,1
LF:11
LH:11
end_of_record
SF:lib/core/bloc_providers.dart
DA:4,0
DA:5,0
DA:6,0
DA:7,0
DA:9,0
DA:10,0
LF:6
LH:0
end_of_record
SF:lib/services/service_locator.dart
DA:3,12
DA:5,2
DA:6,8
DA:7,12
DA:9,12
DA:10,12
DA:13,12
DA:14,12
DA:17,12
DA:18,12
LF:10
LH:10
end_of_record
SF:lib/services/api_service.dart
DA:6,3
DA:8,1
DA:9,2
LF:3
LH:3
end_of_record
SF:lib/modules/category/cubits/category_cubit.dart
DA:6,3
DA:7,6
DA:14,2
DA:15,6
DA:18,4
DA:19,3
DA:25,0
DA:27,0
LF:8
LH:6
end_of_record
SF:lib/modules/category/controllers/category_controller.dart
DA:6,3
DA:9,2
DA:11,4
DA:18,1
DA:19,1
LF:5
LH:5
end_of_record
SF:lib/modules/category/services/category_service.dart
DA:6,3
DA:10,2
DA:12,4
DA:14,3
DA:15,2
DA:17,3
DA:20,2
DA:24,1
DA:27,1
DA:29,1
DA:31,1
DA:33,2
DA:36,0
DA:39,1
DA:41,1
DA:42,1
DA:44,1
LF:17
LH:16
end_of_record
SF:lib/modules/category/models/category_model.dart
DA:8,8
DA:14,3
DA:15,3
DA:16,1
DA:19,3
DA:20,3
DA:21,6
DA:22,6
DA:26,1
DA:27,1
DA:28,1
DA:29,1
DA:30,1
DA:34,3
DA:35,1
DA:36,6
DA:37,3
DA:38,3
DA:40,1
DA:42,3
DA:45,2
DA:46,8
LF:22
LH:22
end_of_record
SF:lib/modules/category/cubits/category_state.dart
DA:8,4
DA:12,4
DA:14,1
DA:15,1
DA:22,3
DA:27,3
DA:28,3
DA:29,1
DA:30,3
DA:34,4
DA:36,3
DA:37,12
LF:12
LH:12
end_of_record
SF:lib/modules/category/views/category_screen/category_screen.dart
DA:6,1
DA:8,0
DA:9,0
DA:10,0
DA:13,1
DA:14,1
DA:15,2
DA:18,1
DA:20,1
DA:21,1
DA:23,1
DA:25,3
DA:26,1
DA:29,1
DA:30,0
DA:31,1
DA:32,1
DA:33,1
DA:34,1
DA:35,1
DA:36,1
DA:37,1
DA:45,1
DA:46,1
DA:48,1
DA:49,1
DA:55,1
DA:56,1
DA:57,1
DA:63,1
DA:64,1
DA:66,1
DA:74,1
DA:75,1
DA:81,1
DA:85,1
DA:87,1
DA:94,1
DA:95,1
DA:103,1
DA:104,1
DA:105,0
DA:106,0
DA:110,0
DA:111,0
DA:114,0
DA:118,0
DA:121,0
DA:122,0
DA:123,0
DA:124,0
DA:125,0
DA:126,0
DA:127,0
LF:54
LH:37
end_of_record
SF:lib/modules/category/views/categories_section/categories_section.dart
DA:4,44
DA:6,2
DA:8,2
DA:9,2
DA:11,2
DA:13,2
DA:15,2
DA:20,2
DA:21,2
DA:23,2
DA:30,2
DA:31,2
DA:33,2
DA:36,2
DA:44,2
DA:45,2
DA:46,1
DA:47,1
DA:49,0
DA:51,0
DA:55,0
DA:56,0
DA:57,0
DA:59,0
DA:60,0
DA:61,0
DA:64,0
LF:27
LH:18
end_of_record
SF:lib/modules/category/views/category_item/category_item.dart
DA:7,1
DA:9,1
DA:11,1
DA:12,0
DA:13,1
DA:15,1
DA:20,1
DA:21,3
DA:22,3
DA:24,1
DA:25,1
DA:26,1
DA:27,1
DA:29,1
DA:30,1
DA:31,1
DA:38,1
DA:39,1
DA:40,1
DA:41,1
DA:47,1
DA:48,1
DA:49,1
DA:50,1
DA:53,0
DA:64,1
DA:65,1
DA:67,1
DA:69,1
DA:70,1
DA:71,2
DA:72,1
DA:83,0
DA:84,0
DA:85,0
DA:87,0
DA:91,1
DA:92,6
LF:38
LH:32
end_of_record
SF:lib/modules/category/utils/category_utils.dart
DA:2,1
DA:3,2
LF:2
LH:2
end_of_record
SF:lib/modules/product/cubits/product_cubit.dart
DA:8,9
DA:12,2
DA:14,6
DA:16,4
DA:17,2
DA:19,2
DA:21,3
DA:22,1
DA:26,2
DA:31,0
DA:32,0
DA:33,0
DA:34,0
DA:35,0
DA:36,0
DA:37,0
DA:43,0
DA:44,0
DA:48,0
DA:49,0
DA:50,0
DA:51,0
DA:52,0
DA:53,0
DA:54,0
DA:55,0
DA:60,0
DA:61,0
DA:65,0
DA:66,0
DA:67,0
DA:71,0
DA:72,0
DA:73,0
DA:74,0
LF:35
LH:9
end_of_record
SF:lib/modules/product/controllers/product_controller.dart
DA:6,3
DA:9,2
DA:11,4
DA:18,1
DA:19,1
DA:23,1
DA:24,1
DA:28,1
DA:29,2
DA:31,2
DA:32,3
DA:33,1
DA:34,1
DA:35,2
DA:37,1
DA:38,1
LF:16
LH:16
end_of_record
SF:lib/modules/product/services/product_service.dart
DA:6,3
DA:10,2
DA:12,4
DA:14,3
DA:15,2
DA:17,3
DA:20,2
DA:24,1
DA:27,1
DA:29,1
DA:31,1
DA:33,2
DA:36,0
DA:39,1
DA:41,1
DA:42,1
DA:44,1
LF:17
LH:16
end_of_record
SF:lib/modules/product/models/product_model.dart
DA:10,10
DA:18,2
DA:19,4
DA:20,1
DA:23,2
DA:24,2
DA:25,2
DA:26,4
DA:27,4
DA:28,4
DA:32,1
DA:33,1
DA:34,1
DA:35,1
DA:36,1
DA:37,1
DA:38,1
DA:42,2
DA:43,1
DA:44,4
DA:45,2
DA:46,2
DA:48,1
DA:50,2
DA:53,2
DA:54,12
LF:26
LH:26
end_of_record
SF:lib/modules/product/cubits/product_state.dart
DA:10,5
DA:16,5
DA:17,5
DA:20,4
DA:21,4
DA:31,3
DA:38,3
DA:39,3
DA:40,3
DA:41,1
DA:42,3
DA:43,3
DA:48,4
DA:50,3
DA:51,18
DA:56,0
DA:57,0
DA:65,0
DA:66,0
DA:71,1
DA:75,1
DA:83,1
DA:84,4
DA:89,1
DA:91,1
DA:99,1
DA:100,2
LF:27
LH:23
end_of_record
SF:lib/modules/product/views/product_screen/product_screen.dart
DA:8,1
DA:13,0
DA:15,1
DA:17,1
DA:18,0
DA:19,0
DA:21,1
DA:23,1
DA:24,1
DA:29,1
DA:30,1
DA:33,2
DA:34,1
DA:38,1
DA:39,1
DA:40,1
DA:41,1
DA:46,1
DA:47,1
DA:49,1
DA:58,1
DA:60,4
DA:62,1
DA:64,1
DA:65,1
DA:66,1
DA:67,1
DA:73,1
DA:74,1
DA:77,1
DA:78,1
DA:81,0
DA:82,0
DA:91,1
DA:92,1
DA:94,1
DA:95,1
DA:96,2
DA:97,1
DA:98,4
DA:99,1
LF:41
LH:36
end_of_record
SF:lib/modules/product/views/promo_item/promo_item.dart
DA:8,1
DA:13,0
DA:15,1
DA:17,1
DA:18,3
DA:19,3
DA:20,3
DA:21,3
DA:23,1
DA:24,0
DA:25,1
DA:26,1
DA:30,1
DA:35,0
DA:36,0
DA:38,0
DA:39,0
DA:40,0
DA:41,0
DA:42,0
DA:48,1
DA:49,1
DA:52,1
DA:53,1
DA:55,1
DA:56,1
DA:57,1
DA:63,1
DA:64,1
DA:66,1
DA:78,1
DA:79,4
DA:80,1
DA:83,1
DA:88,1
DA:89,1
DA:91,0
DA:92,0
DA:102,1
DA:103,1
DA:104,3
DA:105,3
DA:107,1
DA:108,1
DA:109,1
DA:111,1
DA:112,1
DA:113,1
DA:114,1
DA:120,1
DA:121,1
DA:122,1
DA:123,1
DA:127,1
DA:128,1
DA:129,3
DA:130,1
LF:57
LH:46
end_of_record
SF:lib/modules/product/views/promos_section/promos_section.dart
DA:4,7
DA:6,2
DA:8,2
DA:9,2
DA:11,2
DA:13,2
DA:19,2
DA:26,2
DA:27,2
DA:28,1
DA:29,1
DA:31,0
DA:32,0
DA:33,0
DA:37,0
DA:38,0
DA:40,0
DA:41,0
DA:42,0
DA:43,0
DA:44,0
DA:45,0
DA:46,0
DA:47,0
DA:48,0
DA:49,0
DA:54,0
DA:56,0
DA:63,0
DA:64,0
DA:66,0
DA:67,0
DA:68,0
DA:70,0
DA:79,0
DA:80,0
LF:36
LH:11
end_of_record
SF:lib/modules/discount/views/discount_section.dart
DA:4,44
DA:6,2
DA:8,2
DA:14,2
DA:16,2
DA:17,2
DA:19,2
DA:21,2
DA:23,2
DA:29,2
DA:30,2
DA:32,2
DA:39,2
DA:40,2
DA:42,2
DA:49,2
DA:50,2
DA:51,2
DA:53,2
DA:56,2
DA:57,2
DA:63,2
DA:64,2
DA:70,2
DA:71,2
DA:85,2
DA:86,2
DA:87,2
DA:88,2
DA:90,2
DA:91,2
DA:98,2
DA:100,2
DA:107,1
LF:34
LH:34
end_of_record
SF:lib/modules/infos/views/infos_section.dart
DA:4,87
DA:6,2
DA:8,2
DA:11,2
DA:14,2
DA:15,2
DA:17,2
DA:19,2
DA:21,2
DA:23,2
DA:25,2
DA:31,2
DA:32,2
DA:34,2
DA:35,2
DA:43,2
DA:44,2
DA:45,2
DA:48,2
DA:53,2
DA:60,2
DA:61,2
DA:63,2
DA:64,2
DA:66,2
DA:69,2
DA:71,2
DA:73,2
DA:75,2
DA:77,2
DA:79,2
DA:85,2
DA:86,2
DA:88,2
DA:89,2
DA:91,2
DA:94,2
DA:98,2
DA:99,2
DA:100,2
DA:101,2
DA:102,2
DA:103,2
DA:110,2
DA:111,2
DA:113,2
DA:114,2
DA:116,2
LF:48
LH:48
end_of_record
SF:lib/modules/home/views/home_page/home_page.dart
DA:10,6
DA:12,0
DA:13,0
DA:14,0
DA:16,0
DA:17,0
DA:21,0
DA:22,0
DA:24,0
DA:32,3
DA:34,6
DA:36,3
DA:37,0
DA:38,0
DA:40,3
DA:41,3
DA:42,3
DA:44,3
DA:49,3
DA:50,3
DA:52,3
DA:53,3
DA:54,3
DA:56,3
DA:61,0
DA:62,0
DA:63,0
DA:65,0
DA:71,3
DA:72,3
DA:78,3
DA:79,3
DA:80,3
DA:86,3
DA:87,3
DA:89,3
DA:97,3
DA:98,3
DA:99,3
DA:100,3
DA:101,3
DA:102,3
DA:103,3
DA:104,3
DA:105,3
DA:107,6
DA:115,3
DA:116,3
DA:122,3
DA:123,3
DA:124,3
DA:126,3
DA:132,3
DA:133,3
DA:141,3
DA:142,3
DA:143,1
DA:144,4
DA:148,0
DA:151,0
DA:152,0
DA:154,0
DA:158,0
DA:161,0
DA:162,0
DA:163,0
DA:164,0
DA:165,0
DA:166,0
DA:167,0
DA:168,0
DA:169,0
DA:171,0
DA:172,0
DA:173,0
DA:174,0
DA:175,0
DA:187,3
DA:188,3
DA:190,3
DA:195,3
DA:196,12
DA:197,3
DA:203,3
DA:204,3
DA:205,3
DA:206,3
DA:207,12
DA:208,9
DA:209,3
DA:214,3
DA:217,3
DA:222,3
DA:223,3
DA:224,1
DA:225,1
DA:228,1
DA:230,1
DA:231,1
DA:232,2
DA:233,1
DA:234,1
DA:235,1
DA:237,1
DA:239,1
DA:240,1
DA:242,1
DA:243,1
DA:245,1
DA:247,1
DA:249,1
DA:253,1
DA:254,1
DA:256,1
DA:261,2
DA:262,1
DA:269,1
DA:270,1
DA:272,1
DA:273,1
DA:274,1
DA:275,1
DA:277,1
DA:278,1
DA:282,1
DA:284,1
LF:126
LH:93
end_of_record
SF:lib/modules/home/views/custom_drawer/custom_drawer.dart
DA:4,44
DA:6,0
DA:8,0
DA:9,0
DA:11,0
DA:12,0
DA:13,0
DA:14,0
DA:15,0
DA:22,0
DA:23,0
DA:24,0
DA:26,0
DA:28,0
DA:30,0
DA:45,0
DA:51,0
DA:52,0
DA:53,0
DA:57,0
DA:58,0
DA:60,0
DA:66,0
DA:67,0
DA:70,0
DA:71,0
DA:72,0
DA:73,0
DA:74,0
DA:81,0
DA:82,0
DA:83,0
LF:32
LH:1
end_of_record
SF:lib/utils/string_utils.dart
DA:13,1
DA:14,1
DA:15,5
LF:3
LH:3
end_of_record
